{"C:\\Users\\timmy\\film-streaming-platform\\backend\\src\\app.js": {"path":"C:\\Users\\timmy\\film-streaming-platform\\backend\\src\\app.js","statementMap":{"0":{"start":{"line":1,"column":16},"end":{"line":1,"column":34}},"1":{"start":{"line":2,"column":13},"end":{"line":2,"column":28}},"2":{"start":{"line":3,"column":12},"end":{"line":3,"column":35}},"3":{"start":{"line":4,"column":15},"end":{"line":4,"column":32}},"4":{"start":{"line":5,"column":13},"end":{"line":5,"column":28}},"5":{"start":{"line":6,"column":13},"end":{"line":6,"column":37}},"6":{"start":{"line":8,"column":0},"end":{"line":8,"column":16}},"7":{"start":{"line":10,"column":12},"end":{"line":10,"column":21}},"8":{"start":{"line":12,"column":0},"end":{"line":12,"column":16}},"9":{"start":{"line":13,"column":0},"end":{"line":13,"column":24}},"10":{"start":{"line":14,"column":0},"end":{"line":14,"column":48}},"11":{"start":{"line":15,"column":0},"end":{"line":15,"column":72}},"12":{"start":{"line":17,"column":0},"end":{"line":39,"column":3}},"13":{"start":{"line":18,"column":35},"end":{"line":18,"column":43}},"14":{"start":{"line":20,"column":4},"end":{"line":22,"column":5}},"15":{"start":{"line":21,"column":8},"end":{"line":21,"column":85}},"16":{"start":{"line":24,"column":4},"end":{"line":38,"column":5}},"17":{"start":{"line":25,"column":29},"end":{"line":25,"column":61}},"18":{"start":{"line":26,"column":8},"end":{"line":28,"column":9}},"19":{"start":{"line":27,"column":12},"end":{"line":27,"column":78}},"20":{"start":{"line":30,"column":21},"end":{"line":30,"column":67}},"21":{"start":{"line":31,"column":8},"end":{"line":31,"column":26}},"22":{"start":{"line":33,"column":22},"end":{"line":33,"column":135}},"23":{"start":{"line":34,"column":8},"end":{"line":34,"column":40}},"24":{"start":{"line":36,"column":8},"end":{"line":36,"column":48}},"25":{"start":{"line":37,"column":8},"end":{"line":37,"column":67}},"26":{"start":{"line":41,"column":0},"end":{"line":61,"column":3}},"27":{"start":{"line":42,"column":35},"end":{"line":42,"column":43}},"28":{"start":{"line":44,"column":4},"end":{"line":60,"column":5}},"29":{"start":{"line":45,"column":21},"end":{"line":45,"column":53}},"30":{"start":{"line":46,"column":8},"end":{"line":48,"column":9}},"31":{"start":{"line":47,"column":12},"end":{"line":47,"column":80}},"32":{"start":{"line":50,"column":24},"end":{"line":50,"column":60}},"33":{"start":{"line":51,"column":8},"end":{"line":53,"column":9}},"34":{"start":{"line":52,"column":12},"end":{"line":52,"column":80}},"35":{"start":{"line":55,"column":22},"end":{"line":55,"column":135}},"36":{"start":{"line":56,"column":8},"end":{"line":56,"column":28}},"37":{"start":{"line":58,"column":8},"end":{"line":58,"column":45}},"38":{"start":{"line":59,"column":8},"end":{"line":59,"column":59}},"39":{"start":{"line":63,"column":19},"end":{"line":63,"column":49}},"40":{"start":{"line":64,"column":0},"end":{"line":64,"column":34}},"41":{"start":{"line":66,"column":0},"end":{"line":66,"column":21}}},"fnMap":{"0":{"name":"(anonymous_0)","decl":{"start":{"line":17,"column":26},"end":{"line":17,"column":27}},"loc":{"start":{"line":17,"column":46},"end":{"line":39,"column":1}},"line":17},"1":{"name":"(anonymous_1)","decl":{"start":{"line":41,"column":23},"end":{"line":41,"column":24}},"loc":{"start":{"line":41,"column":43},"end":{"line":61,"column":1}},"line":41}},"branchMap":{"0":{"loc":{"start":{"line":20,"column":4},"end":{"line":22,"column":5}},"type":"if","locations":[{"start":{"line":20,"column":4},"end":{"line":22,"column":5}},{"start":{},"end":{}}],"line":20},"1":{"loc":{"start":{"line":20,"column":8},"end":{"line":20,"column":30}},"type":"binary-expr","locations":[{"start":{"line":20,"column":8},"end":{"line":20,"column":17}},{"start":{"line":20,"column":21},"end":{"line":20,"column":30}}],"line":20},"2":{"loc":{"start":{"line":26,"column":8},"end":{"line":28,"column":9}},"type":"if","locations":[{"start":{"line":26,"column":8},"end":{"line":28,"column":9}},{"start":{},"end":{}}],"line":26},"3":{"loc":{"start":{"line":46,"column":8},"end":{"line":48,"column":9}},"type":"if","locations":[{"start":{"line":46,"column":8},"end":{"line":48,"column":9}},{"start":{},"end":{}}],"line":46},"4":{"loc":{"start":{"line":51,"column":8},"end":{"line":53,"column":9}},"type":"if","locations":[{"start":{"line":51,"column":8},"end":{"line":53,"column":9}},{"start":{},"end":{}}],"line":51}},"s":{"0":2,"1":2,"2":2,"3":2,"4":2,"5":2,"6":2,"7":2,"8":2,"9":2,"10":2,"11":2,"12":2,"13":8,"14":8,"15":1,"16":7,"17":7,"18":7,"19":1,"20":6,"21":6,"22":6,"23":6,"24":0,"25":0,"26":2,"27":4,"28":4,"29":4,"30":4,"31":1,"32":3,"33":3,"34":1,"35":2,"36":2,"37":0,"38":0,"39":2,"40":2,"41":2},"f":{"0":8,"1":4},"b":{"0":[1,7],"1":[8,8],"2":[1,6],"3":[1,3],"4":[1,2]},"_coverageSchema":"1a1c01bbd47fc00a2c39e90264f33305004495a9","hash":"26d4a1c6168f01dab4de7238b0f7301c357f6cb0"}
,"C:\\Users\\timmy\\film-streaming-platform\\backend\\src\\controllers\\filmController.js": {"path":"C:\\Users\\timmy\\film-streaming-platform\\backend\\src\\controllers\\filmController.js","statementMap":{"0":{"start":{"line":1,"column":13},"end":{"line":1,"column":38}},"1":{"start":{"line":3,"column":17},"end":{"line":11,"column":1}},"2":{"start":{"line":4,"column":4},"end":{"line":10,"column":5}},"3":{"start":{"line":5,"column":22},"end":{"line":5,"column":39}},"4":{"start":{"line":6,"column":8},"end":{"line":6,"column":24}},"5":{"start":{"line":8,"column":8},"end":{"line":8,"column":49}},"6":{"start":{"line":9,"column":8},"end":{"line":9,"column":65}},"7":{"start":{"line":13,"column":20},"end":{"line":24,"column":1}},"8":{"start":{"line":14,"column":4},"end":{"line":23,"column":5}},"9":{"start":{"line":15,"column":21},"end":{"line":15,"column":55}},"10":{"start":{"line":16,"column":8},"end":{"line":18,"column":9}},"11":{"start":{"line":17,"column":12},"end":{"line":17,"column":69}},"12":{"start":{"line":19,"column":8},"end":{"line":19,"column":23}},"13":{"start":{"line":21,"column":8},"end":{"line":21,"column":54}},"14":{"start":{"line":22,"column":8},"end":{"line":22,"column":59}},"15":{"start":{"line":26,"column":19},"end":{"line":46,"column":1}},"16":{"start":{"line":27,"column":48},"end":{"line":27,"column":56}},"17":{"start":{"line":29,"column":4},"end":{"line":31,"column":5}},"18":{"start":{"line":30,"column":8},"end":{"line":30,"column":68}},"19":{"start":{"line":33,"column":23},"end":{"line":33,"column":42}},"20":{"start":{"line":34,"column":4},"end":{"line":36,"column":5}},"21":{"start":{"line":35,"column":8},"end":{"line":35,"column":89}},"22":{"start":{"line":38,"column":4},"end":{"line":45,"column":5}},"23":{"start":{"line":39,"column":21},"end":{"line":39,"column":78}},"24":{"start":{"line":40,"column":8},"end":{"line":40,"column":26}},"25":{"start":{"line":41,"column":8},"end":{"line":41,"column":35}},"26":{"start":{"line":43,"column":8},"end":{"line":43,"column":51}},"27":{"start":{"line":44,"column":8},"end":{"line":44,"column":65}},"28":{"start":{"line":48,"column":19},"end":{"line":66,"column":1}},"29":{"start":{"line":49,"column":4},"end":{"line":65,"column":5}},"30":{"start":{"line":50,"column":21},"end":{"line":50,"column":55}},"31":{"start":{"line":51,"column":8},"end":{"line":53,"column":9}},"32":{"start":{"line":52,"column":12},"end":{"line":52,"column":69}},"33":{"start":{"line":55,"column":52},"end":{"line":55,"column":60}},"34":{"start":{"line":56,"column":8},"end":{"line":56,"column":41}},"35":{"start":{"line":57,"column":8},"end":{"line":57,"column":59}},"36":{"start":{"line":58,"column":8},"end":{"line":58,"column":59}},"37":{"start":{"line":60,"column":8},"end":{"line":60,"column":26}},"38":{"start":{"line":61,"column":8},"end":{"line":61,"column":23}},"39":{"start":{"line":63,"column":8},"end":{"line":63,"column":51}},"40":{"start":{"line":64,"column":8},"end":{"line":64,"column":59}},"41":{"start":{"line":68,"column":19},"end":{"line":79,"column":1}},"42":{"start":{"line":69,"column":4},"end":{"line":78,"column":5}},"43":{"start":{"line":70,"column":21},"end":{"line":70,"column":64}},"44":{"start":{"line":71,"column":8},"end":{"line":73,"column":9}},"45":{"start":{"line":72,"column":12},"end":{"line":72,"column":69}},"46":{"start":{"line":74,"column":8},"end":{"line":74,"column":31}},"47":{"start":{"line":76,"column":8},"end":{"line":76,"column":51}},"48":{"start":{"line":77,"column":8},"end":{"line":77,"column":59}},"49":{"start":{"line":81,"column":24},"end":{"line":109,"column":1}},"50":{"start":{"line":82,"column":4},"end":{"line":82,"column":87}},"51":{"start":{"line":83,"column":4},"end":{"line":85,"column":5}},"52":{"start":{"line":84,"column":8},"end":{"line":84,"column":77}},"53":{"start":{"line":87,"column":20},"end":{"line":87,"column":72}},"54":{"start":{"line":88,"column":21},"end":{"line":88,"column":60}},"55":{"start":{"line":89,"column":4},"end":{"line":89,"column":76}},"56":{"start":{"line":91,"column":4},"end":{"line":93,"column":5}},"57":{"start":{"line":92,"column":8},"end":{"line":92,"column":86}},"58":{"start":{"line":95,"column":4},"end":{"line":108,"column":5}},"59":{"start":{"line":96,"column":21},"end":{"line":100,"column":9}},"60":{"start":{"line":101,"column":8},"end":{"line":103,"column":9}},"61":{"start":{"line":102,"column":12},"end":{"line":102,"column":69}},"62":{"start":{"line":104,"column":8},"end":{"line":104,"column":23}},"63":{"start":{"line":106,"column":8},"end":{"line":106,"column":56}},"64":{"start":{"line":107,"column":8},"end":{"line":107,"column":70}},"65":{"start":{"line":111,"column":20},"end":{"line":139,"column":1}},"66":{"start":{"line":112,"column":4},"end":{"line":112,"column":83}},"67":{"start":{"line":113,"column":4},"end":{"line":115,"column":5}},"68":{"start":{"line":114,"column":8},"end":{"line":114,"column":73}},"69":{"start":{"line":117,"column":20},"end":{"line":117,"column":72}},"70":{"start":{"line":118,"column":21},"end":{"line":118,"column":60}},"71":{"start":{"line":119,"column":4},"end":{"line":119,"column":72}},"72":{"start":{"line":121,"column":4},"end":{"line":123,"column":5}},"73":{"start":{"line":122,"column":8},"end":{"line":122,"column":82}},"74":{"start":{"line":125,"column":4},"end":{"line":138,"column":5}},"75":{"start":{"line":126,"column":21},"end":{"line":130,"column":9}},"76":{"start":{"line":131,"column":8},"end":{"line":133,"column":9}},"77":{"start":{"line":132,"column":12},"end":{"line":132,"column":69}},"78":{"start":{"line":134,"column":8},"end":{"line":134,"column":23}},"79":{"start":{"line":136,"column":8},"end":{"line":136,"column":52}},"80":{"start":{"line":137,"column":8},"end":{"line":137,"column":66}},"81":{"start":{"line":141,"column":0},"end":{"line":141,"column":109}}},"fnMap":{"0":{"name":"(anonymous_0)","decl":{"start":{"line":3,"column":17},"end":{"line":3,"column":18}},"loc":{"start":{"line":3,"column":37},"end":{"line":11,"column":1}},"line":3},"1":{"name":"(anonymous_1)","decl":{"start":{"line":13,"column":20},"end":{"line":13,"column":21}},"loc":{"start":{"line":13,"column":40},"end":{"line":24,"column":1}},"line":13},"2":{"name":"(anonymous_2)","decl":{"start":{"line":26,"column":19},"end":{"line":26,"column":20}},"loc":{"start":{"line":26,"column":39},"end":{"line":46,"column":1}},"line":26},"3":{"name":"(anonymous_3)","decl":{"start":{"line":48,"column":19},"end":{"line":48,"column":20}},"loc":{"start":{"line":48,"column":39},"end":{"line":66,"column":1}},"line":48},"4":{"name":"(anonymous_4)","decl":{"start":{"line":68,"column":19},"end":{"line":68,"column":20}},"loc":{"start":{"line":68,"column":39},"end":{"line":79,"column":1}},"line":68},"5":{"name":"(anonymous_5)","decl":{"start":{"line":81,"column":24},"end":{"line":81,"column":25}},"loc":{"start":{"line":81,"column":44},"end":{"line":109,"column":1}},"line":81},"6":{"name":"(anonymous_6)","decl":{"start":{"line":111,"column":20},"end":{"line":111,"column":21}},"loc":{"start":{"line":111,"column":40},"end":{"line":139,"column":1}},"line":111}},"branchMap":{"0":{"loc":{"start":{"line":16,"column":8},"end":{"line":18,"column":9}},"type":"if","locations":[{"start":{"line":16,"column":8},"end":{"line":18,"column":9}},{"start":{},"end":{}}],"line":16},"1":{"loc":{"start":{"line":29,"column":4},"end":{"line":31,"column":5}},"type":"if","locations":[{"start":{"line":29,"column":4},"end":{"line":31,"column":5}},{"start":{},"end":{}}],"line":29},"2":{"loc":{"start":{"line":29,"column":8},"end":{"line":29,"column":43}},"type":"binary-expr","locations":[{"start":{"line":29,"column":8},"end":{"line":29,"column":14}},{"start":{"line":29,"column":18},"end":{"line":29,"column":43}}],"line":29},"3":{"loc":{"start":{"line":34,"column":4},"end":{"line":36,"column":5}},"type":"if","locations":[{"start":{"line":34,"column":4},"end":{"line":36,"column":5}},{"start":{},"end":{}}],"line":34},"4":{"loc":{"start":{"line":34,"column":8},"end":{"line":34,"column":56}},"type":"binary-expr","locations":[{"start":{"line":34,"column":8},"end":{"line":34,"column":37}},{"start":{"line":34,"column":41},"end":{"line":34,"column":56}}],"line":34},"5":{"loc":{"start":{"line":51,"column":8},"end":{"line":53,"column":9}},"type":"if","locations":[{"start":{"line":51,"column":8},"end":{"line":53,"column":9}},{"start":{},"end":{}}],"line":51},"6":{"loc":{"start":{"line":56,"column":21},"end":{"line":56,"column":40}},"type":"binary-expr","locations":[{"start":{"line":56,"column":21},"end":{"line":56,"column":26}},{"start":{"line":56,"column":30},"end":{"line":56,"column":40}}],"line":56},"7":{"loc":{"start":{"line":57,"column":27},"end":{"line":57,"column":58}},"type":"binary-expr","locations":[{"start":{"line":57,"column":27},"end":{"line":57,"column":38}},{"start":{"line":57,"column":42},"end":{"line":57,"column":58}}],"line":57},"8":{"loc":{"start":{"line":58,"column":27},"end":{"line":58,"column":58}},"type":"binary-expr","locations":[{"start":{"line":58,"column":27},"end":{"line":58,"column":38}},{"start":{"line":58,"column":42},"end":{"line":58,"column":58}}],"line":58},"9":{"loc":{"start":{"line":71,"column":8},"end":{"line":73,"column":9}},"type":"if","locations":[{"start":{"line":71,"column":8},"end":{"line":73,"column":9}},{"start":{},"end":{}}],"line":71},"10":{"loc":{"start":{"line":83,"column":4},"end":{"line":85,"column":5}},"type":"if","locations":[{"start":{"line":83,"column":4},"end":{"line":85,"column":5}},{"start":{},"end":{}}],"line":83},"11":{"loc":{"start":{"line":87,"column":20},"end":{"line":87,"column":72}},"type":"binary-expr","locations":[{"start":{"line":87,"column":20},"end":{"line":87,"column":32}},{"start":{"line":87,"column":36},"end":{"line":87,"column":55}},{"start":{"line":87,"column":59},"end":{"line":87,"column":72}}],"line":87},"12":{"loc":{"start":{"line":88,"column":21},"end":{"line":88,"column":60}},"type":"binary-expr","locations":[{"start":{"line":88,"column":21},"end":{"line":88,"column":38}},{"start":{"line":88,"column":42},"end":{"line":88,"column":60}}],"line":88},"13":{"loc":{"start":{"line":91,"column":4},"end":{"line":93,"column":5}},"type":"if","locations":[{"start":{"line":91,"column":4},"end":{"line":93,"column":5}},{"start":{},"end":{}}],"line":91},"14":{"loc":{"start":{"line":101,"column":8},"end":{"line":103,"column":9}},"type":"if","locations":[{"start":{"line":101,"column":8},"end":{"line":103,"column":9}},{"start":{},"end":{}}],"line":101},"15":{"loc":{"start":{"line":113,"column":4},"end":{"line":115,"column":5}},"type":"if","locations":[{"start":{"line":113,"column":4},"end":{"line":115,"column":5}},{"start":{},"end":{}}],"line":113},"16":{"loc":{"start":{"line":117,"column":20},"end":{"line":117,"column":72}},"type":"binary-expr","locations":[{"start":{"line":117,"column":20},"end":{"line":117,"column":32}},{"start":{"line":117,"column":36},"end":{"line":117,"column":55}},{"start":{"line":117,"column":59},"end":{"line":117,"column":72}}],"line":117},"17":{"loc":{"start":{"line":118,"column":21},"end":{"line":118,"column":60}},"type":"binary-expr","locations":[{"start":{"line":118,"column":21},"end":{"line":118,"column":38}},{"start":{"line":118,"column":42},"end":{"line":118,"column":60}}],"line":118},"18":{"loc":{"start":{"line":121,"column":4},"end":{"line":123,"column":5}},"type":"if","locations":[{"start":{"line":121,"column":4},"end":{"line":123,"column":5}},{"start":{},"end":{}}],"line":121},"19":{"loc":{"start":{"line":131,"column":8},"end":{"line":133,"column":9}},"type":"if","locations":[{"start":{"line":131,"column":8},"end":{"line":133,"column":9}},{"start":{},"end":{}}],"line":131}},"s":{"0":2,"1":2,"2":2,"3":2,"4":2,"5":0,"6":0,"7":2,"8":2,"9":2,"10":2,"11":1,"12":1,"13":0,"14":0,"15":2,"16":2,"17":2,"18":1,"19":1,"20":1,"21":0,"22":1,"23":1,"24":1,"25":1,"26":0,"27":0,"28":2,"29":1,"30":1,"31":1,"32":0,"33":1,"34":1,"35":1,"36":1,"37":1,"38":1,"39":0,"40":0,"41":2,"42":2,"43":2,"44":2,"45":1,"46":1,"47":0,"48":0,"49":2,"50":1,"51":1,"52":1,"53":0,"54":0,"55":0,"56":0,"57":0,"58":0,"59":0,"60":0,"61":0,"62":0,"63":0,"64":0,"65":2,"66":1,"67":1,"68":1,"69":0,"70":0,"71":0,"72":0,"73":0,"74":0,"75":0,"76":0,"77":0,"78":0,"79":0,"80":0,"81":2},"f":{"0":2,"1":2,"2":2,"3":1,"4":2,"5":1,"6":1},"b":{"0":[1,1],"1":[1,1],"2":[2,1],"3":[0,1],"4":[1,1],"5":[0,1],"6":[1,0],"7":[1,1],"8":[1,1],"9":[1,1],"10":[1,0],"11":[0,0,0],"12":[0,0],"13":[0,0],"14":[0,0],"15":[1,0],"16":[0,0,0],"17":[0,0],"18":[0,0],"19":[0,0]},"_coverageSchema":"1a1c01bbd47fc00a2c39e90264f33305004495a9","hash":"fc11ab385b76ef9c8b18a0c4d8780d8a0eaa3741"}
,"C:\\Users\\timmy\\film-streaming-platform\\backend\\src\\middleware\\authMiddleware.js": {"path":"C:\\Users\\timmy\\film-streaming-platform\\backend\\src\\middleware\\authMiddleware.js","statementMap":{"0":{"start":{"line":1,"column":12},"end":{"line":1,"column":35}},"1":{"start":{"line":3,"column":13},"end":{"line":18,"column":1}},"2":{"start":{"line":4,"column":19},"end":{"line":4,"column":44}},"3":{"start":{"line":5,"column":4},"end":{"line":7,"column":5}},"4":{"start":{"line":6,"column":8},"end":{"line":6,"column":68}},"5":{"start":{"line":9,"column":18},"end":{"line":9,"column":38}},"6":{"start":{"line":11,"column":4},"end":{"line":17,"column":5}},"7":{"start":{"line":12,"column":24},"end":{"line":12,"column":65}},"8":{"start":{"line":13,"column":8},"end":{"line":13,"column":27}},"9":{"start":{"line":14,"column":8},"end":{"line":14,"column":15}},"10":{"start":{"line":16,"column":8},"end":{"line":16,"column":64}},"11":{"start":{"line":20,"column":16},"end":{"line":25,"column":1}},"12":{"start":{"line":21,"column":4},"end":{"line":23,"column":5}},"13":{"start":{"line":22,"column":8},"end":{"line":22,"column":64}},"14":{"start":{"line":24,"column":4},"end":{"line":24,"column":11}},"15":{"start":{"line":27,"column":0},"end":{"line":27,"column":35}}},"fnMap":{"0":{"name":"(anonymous_0)","decl":{"start":{"line":3,"column":13},"end":{"line":3,"column":14}},"loc":{"start":{"line":3,"column":33},"end":{"line":18,"column":1}},"line":3},"1":{"name":"(anonymous_1)","decl":{"start":{"line":20,"column":16},"end":{"line":20,"column":17}},"loc":{"start":{"line":20,"column":36},"end":{"line":25,"column":1}},"line":20}},"branchMap":{"0":{"loc":{"start":{"line":5,"column":4},"end":{"line":7,"column":5}},"type":"if","locations":[{"start":{"line":5,"column":4},"end":{"line":7,"column":5}},{"start":{},"end":{}}],"line":5},"1":{"loc":{"start":{"line":21,"column":4},"end":{"line":23,"column":5}},"type":"if","locations":[{"start":{"line":21,"column":4},"end":{"line":23,"column":5}},{"start":{},"end":{}}],"line":21},"2":{"loc":{"start":{"line":21,"column":8},"end":{"line":21,"column":46}},"type":"binary-expr","locations":[{"start":{"line":21,"column":8},"end":{"line":21,"column":17}},{"start":{"line":21,"column":21},"end":{"line":21,"column":46}}],"line":21}},"s":{"0":2,"1":2,"2":11,"3":11,"4":1,"5":10,"6":10,"7":10,"8":10,"9":10,"10":0,"11":2,"12":10,"13":3,"14":7,"15":2},"f":{"0":11,"1":10},"b":{"0":[1,10],"1":[3,7],"2":[10,10]},"_coverageSchema":"1a1c01bbd47fc00a2c39e90264f33305004495a9","hash":"2e5dcac596c95cdc7821f39495da7c2131df9dff"}
,"C:\\Users\\timmy\\film-streaming-platform\\backend\\src\\models\\Film.js": {"path":"C:\\Users\\timmy\\film-streaming-platform\\backend\\src\\models\\Film.js","statementMap":{"0":{"start":{"line":1,"column":17},"end":{"line":1,"column":36}},"1":{"start":{"line":3,"column":19},"end":{"line":15,"column":24}},"2":{"start":{"line":17,"column":0},"end":{"line":17,"column":52}}},"fnMap":{},"branchMap":{},"s":{"0":2,"1":2,"2":2},"f":{},"b":{},"_coverageSchema":"1a1c01bbd47fc00a2c39e90264f33305004495a9","hash":"b76016d6331d0646d24603e34f0ae6af89c9afe0"}
,"C:\\Users\\timmy\\film-streaming-platform\\backend\\src\\models\\User.js": {"path":"C:\\Users\\timmy\\film-streaming-platform\\backend\\src\\models\\User.js","statementMap":{"0":{"start":{"line":1,"column":17},"end":{"line":1,"column":36}},"1":{"start":{"line":2,"column":15},"end":{"line":2,"column":34}},"2":{"start":{"line":4,"column":19},"end":{"line":8,"column":24}},"3":{"start":{"line":10,"column":0},"end":{"line":18,"column":3}},"4":{"start":{"line":11,"column":2},"end":{"line":13,"column":3}},"5":{"start":{"line":12,"column":4},"end":{"line":12,"column":18}},"6":{"start":{"line":15,"column":15},"end":{"line":15,"column":39}},"7":{"start":{"line":16,"column":2},"end":{"line":16,"column":57}},"8":{"start":{"line":17,"column":2},"end":{"line":17,"column":9}},"9":{"start":{"line":20,"column":0},"end":{"line":22,"column":2}},"10":{"start":{"line":21,"column":2},"end":{"line":21,"column":58}},"11":{"start":{"line":24,"column":0},"end":{"line":24,"column":52}}},"fnMap":{"0":{"name":"(anonymous_0)","decl":{"start":{"line":10,"column":23},"end":{"line":10,"column":24}},"loc":{"start":{"line":10,"column":45},"end":{"line":18,"column":1}},"line":10},"1":{"name":"(anonymous_1)","decl":{"start":{"line":20,"column":37},"end":{"line":20,"column":38}},"loc":{"start":{"line":20,"column":66},"end":{"line":22,"column":1}},"line":20}},"branchMap":{"0":{"loc":{"start":{"line":11,"column":2},"end":{"line":13,"column":3}},"type":"if","locations":[{"start":{"line":11,"column":2},"end":{"line":13,"column":3}},{"start":{},"end":{}}],"line":11}},"s":{"0":2,"1":2,"2":2,"3":2,"4":7,"5":0,"6":7,"7":7,"8":7,"9":2,"10":3,"11":2},"f":{"0":7,"1":3},"b":{"0":[0,7]},"_coverageSchema":"1a1c01bbd47fc00a2c39e90264f33305004495a9","hash":"ef317a4dcd18579c77d636a05f540451156bd3ed"}
,"C:\\Users\\timmy\\film-streaming-platform\\backend\\src\\routes\\filmRoutes.js": {"path":"C:\\Users\\timmy\\film-streaming-platform\\backend\\src\\routes\\filmRoutes.js","statementMap":{"0":{"start":{"line":1,"column":16},"end":{"line":1,"column":34}},"1":{"start":{"line":2,"column":15},"end":{"line":2,"column":31}},"2":{"start":{"line":3,"column":17},"end":{"line":3,"column":36}},"3":{"start":{"line":4,"column":23},"end":{"line":4,"column":63}},"4":{"start":{"line":5,"column":37},"end":{"line":5,"column":68}},"5":{"start":{"line":6,"column":54},"end":{"line":6,"column":93}},"6":{"start":{"line":8,"column":18},"end":{"line":8,"column":61}},"7":{"start":{"line":8,"column":26},"end":{"line":8,"column":61}},"8":{"start":{"line":10,"column":19},"end":{"line":14,"column":1}},"9":{"start":{"line":11,"column":4},"end":{"line":12,"column":66}},"10":{"start":{"line":12,"column":8},"end":{"line":12,"column":66}},"11":{"start":{"line":13,"column":4},"end":{"line":13,"column":11}},"12":{"start":{"line":16,"column":0},"end":{"line":20,"column":2}},"13":{"start":{"line":22,"column":0},"end":{"line":26,"column":2}},"14":{"start":{"line":28,"column":0},"end":{"line":28,"column":72}},"15":{"start":{"line":30,"column":0},"end":{"line":30,"column":41}},"16":{"start":{"line":31,"column":0},"end":{"line":31,"column":59}},"17":{"start":{"line":32,"column":0},"end":{"line":32,"column":89}},"18":{"start":{"line":33,"column":0},"end":{"line":33,"column":86}},"19":{"start":{"line":35,"column":0},"end":{"line":35,"column":24}}},"fnMap":{"0":{"name":"(anonymous_0)","decl":{"start":{"line":8,"column":18},"end":{"line":8,"column":19}},"loc":{"start":{"line":8,"column":26},"end":{"line":8,"column":61}},"line":8},"1":{"name":"(anonymous_1)","decl":{"start":{"line":10,"column":19},"end":{"line":10,"column":20}},"loc":{"start":{"line":10,"column":39},"end":{"line":14,"column":1}},"line":10}},"branchMap":{"0":{"loc":{"start":{"line":11,"column":4},"end":{"line":12,"column":66}},"type":"if","locations":[{"start":{"line":11,"column":4},"end":{"line":12,"column":66}},{"start":{},"end":{}}],"line":11}},"s":{"0":2,"1":2,"2":2,"3":2,"4":2,"5":2,"6":2,"7":8,"8":2,"9":8,"10":1,"11":7,"12":2,"13":2,"14":2,"15":2,"16":2,"17":2,"18":2,"19":2},"f":{"0":8,"1":8},"b":{"0":[1,7]},"_coverageSchema":"1a1c01bbd47fc00a2c39e90264f33305004495a9","hash":"4983cb55cb82770e03f41cabe5ce4b097f0edb19"}
}
