TN:
SF:src\app.js
FN:17,(anonymous_0)
FN:41,(anonymous_1)
FNF:2
FNH:2
FNDA:8,(anonymous_0)
FNDA:4,(anonymous_1)
DA:1,2
DA:2,2
DA:3,2
DA:4,2
DA:5,2
DA:6,2
DA:8,2
DA:10,2
DA:12,2
DA:13,2
DA:14,2
DA:15,2
DA:17,2
DA:18,8
DA:20,8
DA:21,1
DA:24,7
DA:25,7
DA:26,7
DA:27,1
DA:30,6
DA:31,6
DA:33,6
DA:34,6
DA:36,0
DA:37,0
DA:41,2
DA:42,4
DA:44,4
DA:45,4
DA:46,4
DA:47,1
DA:50,3
DA:51,3
DA:52,1
DA:55,2
DA:56,2
DA:58,0
DA:59,0
DA:63,2
DA:64,2
DA:66,2
LF:42
LH:38
BRDA:20,0,0,1
BRDA:20,0,1,7
BRDA:20,1,0,8
BRDA:20,1,1,8
BRDA:26,2,0,1
BRDA:26,2,1,6
BRDA:46,3,0,1
BRDA:46,3,1,3
BRDA:51,4,0,1
BRDA:51,4,1,2
BRF:10
BRH:10
end_of_record
TN:
SF:src\controllers\filmController.js
FN:3,(anonymous_0)
FN:13,(anonymous_1)
FN:26,(anonymous_2)
FN:48,(anonymous_3)
FN:68,(anonymous_4)
FN:81,(anonymous_5)
FN:111,(anonymous_6)
FNF:7
FNH:7
FNDA:2,(anonymous_0)
FNDA:2,(anonymous_1)
FNDA:2,(anonymous_2)
FNDA:1,(anonymous_3)
FNDA:2,(anonymous_4)
FNDA:1,(anonymous_5)
FNDA:1,(anonymous_6)
DA:1,2
DA:3,2
DA:4,2
DA:5,2
DA:6,2
DA:8,0
DA:9,0
DA:13,2
DA:14,2
DA:15,2
DA:16,2
DA:17,1
DA:19,1
DA:21,0
DA:22,0
DA:26,2
DA:27,2
DA:29,2
DA:30,1
DA:33,1
DA:34,1
DA:35,0
DA:38,1
DA:39,1
DA:40,1
DA:41,1
DA:43,0
DA:44,0
DA:48,2
DA:49,1
DA:50,1
DA:51,1
DA:52,0
DA:55,1
DA:56,1
DA:57,1
DA:58,1
DA:60,1
DA:61,1
DA:63,0
DA:64,0
DA:68,2
DA:69,2
DA:70,2
DA:71,2
DA:72,1
DA:74,1
DA:76,0
DA:77,0
DA:81,2
DA:82,1
DA:83,1
DA:84,1
DA:87,0
DA:88,0
DA:89,0
DA:91,0
DA:92,0
DA:95,0
DA:96,0
DA:101,0
DA:102,0
DA:104,0
DA:106,0
DA:107,0
DA:111,2
DA:112,1
DA:113,1
DA:114,1
DA:117,0
DA:118,0
DA:119,0
DA:121,0
DA:122,0
DA:125,0
DA:126,0
DA:131,0
DA:132,0
DA:134,0
DA:136,0
DA:137,0
DA:141,2
LF:82
LH:46
BRDA:16,0,0,1
BRDA:16,0,1,1
BRDA:29,1,0,1
BRDA:29,1,1,1
BRDA:29,2,0,2
BRDA:29,2,1,1
BRDA:34,3,0,0
BRDA:34,3,1,1
BRDA:34,4,0,1
BRDA:34,4,1,1
BRDA:51,5,0,0
BRDA:51,5,1,1
BRDA:56,6,0,1
BRDA:56,6,1,0
BRDA:57,7,0,1
BRDA:57,7,1,1
BRDA:58,8,0,1
BRDA:58,8,1,1
BRDA:71,9,0,1
BRDA:71,9,1,1
BRDA:83,10,0,1
BRDA:83,10,1,0
BRDA:87,11,0,0
BRDA:87,11,1,0
BRDA:87,11,2,0
BRDA:88,12,0,0
BRDA:88,12,1,0
BRDA:91,13,0,0
BRDA:91,13,1,0
BRDA:101,14,0,0
BRDA:101,14,1,0
BRDA:113,15,0,1
BRDA:113,15,1,0
BRDA:117,16,0,0
BRDA:117,16,1,0
BRDA:117,16,2,0
BRDA:118,17,0,0
BRDA:118,17,1,0
BRDA:121,18,0,0
BRDA:121,18,1,0
BRDA:131,19,0,0
BRDA:131,19,1,0
BRF:42
BRH:19
end_of_record
TN:
SF:src\middleware\authMiddleware.js
FN:3,(anonymous_0)
FN:20,(anonymous_1)
FNF:2
FNH:2
FNDA:11,(anonymous_0)
FNDA:10,(anonymous_1)
DA:1,2
DA:3,2
DA:4,11
DA:5,11
DA:6,1
DA:9,10
DA:11,10
DA:12,10
DA:13,10
DA:14,10
DA:16,0
DA:20,2
DA:21,10
DA:22,3
DA:24,7
DA:27,2
LF:16
LH:15
BRDA:5,0,0,1
BRDA:5,0,1,10
BRDA:21,1,0,3
BRDA:21,1,1,7
BRDA:21,2,0,10
BRDA:21,2,1,10
BRF:6
BRH:6
end_of_record
TN:
SF:src\models\Film.js
FNF:0
FNH:0
DA:1,2
DA:3,2
DA:17,2
LF:3
LH:3
BRF:0
BRH:0
end_of_record
TN:
SF:src\models\User.js
FN:10,(anonymous_0)
FN:20,(anonymous_1)
FNF:2
FNH:2
FNDA:7,(anonymous_0)
FNDA:3,(anonymous_1)
DA:1,2
DA:2,2
DA:4,2
DA:10,2
DA:11,7
DA:12,0
DA:15,7
DA:16,7
DA:17,7
DA:20,2
DA:21,3
DA:24,2
LF:12
LH:11
BRDA:11,0,0,0
BRDA:11,0,1,7
BRF:2
BRH:1
end_of_record
TN:
SF:src\routes\filmRoutes.js
FN:8,(anonymous_0)
FN:10,(anonymous_1)
FNF:2
FNH:2
FNDA:8,(anonymous_0)
FNDA:8,(anonymous_1)
DA:1,2
DA:2,2
DA:3,2
DA:4,2
DA:5,2
DA:6,2
DA:8,8
DA:10,2
DA:11,8
DA:12,1
DA:13,7
DA:16,2
DA:22,2
DA:28,2
DA:30,2
DA:31,2
DA:32,2
DA:33,2
DA:35,2
LF:19
LH:19
BRDA:11,0,0,1
BRDA:11,0,1,7
BRF:2
BRH:2
end_of_record
