<?xml version="1.0" encoding="UTF-8"?>
<testsuites name="jest tests" tests="20" failures="0" errors="0" time="27.636">
  <testsuite name="POST /api/register" errors="0" failures="0" skipped="0" timestamp="2026-05-11T18:14:56" time="18.471" tests="6">
    <testcase classname="POST /api/register should register a new user and return token" name="POST /api/register should register a new user and return token" time="0.715">
    </testcase>
    <testcase classname="POST /api/register should return 400 if username or password missing" name="POST /api/register should return 400 if username or password missing" time="0.062">
    </testcase>
    <testcase classname="POST /api/register should return 409 if username already exists" name="POST /api/register should return 409 if username already exists" time="0.423">
    </testcase>
    <testcase classname="POST /api/login should login and return token" name="POST /api/login should login and return token" time="0.611">
    </testcase>
    <testcase classname="POST /api/login should return 401 with wrong password" name="POST /api/login should return 401 with wrong password" time="0.652">
    </testcase>
    <testcase classname="POST /api/login should return 401 with wrong username" name="POST /api/login should return 401 with wrong username" time="0.238">
    </testcase>
  </testsuite>
  <testsuite name="GET /api/films" errors="0" failures="0" skipped="0" timestamp="2026-05-11T18:15:15" time="8.516" tests="14">
    <testcase classname="GET /api/films should return empty array when no films" name="GET /api/films should return empty array when no films" time="0.068">
    </testcase>
    <testcase classname="GET /api/films should return list of films" name="GET /api/films should return list of films" time="0.108">
    </testcase>
    <testcase classname="POST /api/films should create film as admin" name="POST /api/films should create film as admin" time="0.089">
    </testcase>
    <testcase classname="POST /api/films should return 403 if not admin" name="POST /api/films should return 403 if not admin" time="0.065">
    </testcase>
    <testcase classname="POST /api/films should return 401 if no token" name="POST /api/films should return 401 if no token" time="0.064">
    </testcase>
    <testcase classname="POST /api/films should return 400 if title missing" name="POST /api/films should return 400 if title missing" time="0.063">
    </testcase>
    <testcase classname="GET /api/films/:id should return film by id" name="GET /api/films/:id should return film by id" time="0.059">
    </testcase>
    <testcase classname="GET /api/films/:id should return 400 for invalid id" name="GET /api/films/:id should return 400 for invalid id" time="0.034">
    </testcase>
    <testcase classname="GET /api/films/:id should return 404 if film not found" name="GET /api/films/:id should return 404 if film not found" time="0.068">
    </testcase>
    <testcase classname="PUT /api/films/:id should update film as admin" name="PUT /api/films/:id should update film as admin" time="0.115">
    </testcase>
    <testcase classname="PUT /api/films/:id should return 403 if not admin" name="PUT /api/films/:id should return 403 if not admin" time="0.097">
    </testcase>
    <testcase classname="DELETE /api/films/:id should delete film as admin" name="DELETE /api/films/:id should delete film as admin" time="0.134">
    </testcase>
    <testcase classname="DELETE /api/films/:id should return 403 if not admin" name="DELETE /api/films/:id should return 403 if not admin" time="0.081">
    </testcase>
    <testcase classname="DELETE /api/films/:id should return 404 if film not found" name="DELETE /api/films/:id should return 404 if film not found" time="0.089">
    </testcase>
  </testsuite>
</testsuites>